# JRE version: OpenJDK Runtime Environment (7.0_51) (build 1.7.0_51-b00)
# Java VM: OpenJDK 64-Bit Server VM (24.45-b08 mixed mode linux-amd64 compressed oops)
Heap
 PSYoungGen      total 18944K, used 8168K [0x00000000eb680000, 0x00000000ecf80000, 0x0000000100000000)
  eden space 14336K, 56% used [0x00000000eb680000,0x00000000ebe7a070,0x00000000ec480000)
  from space 4608K, 0% used [0x00000000ec480000,0x00000000ec480000,0x00000000ec900000)
  to   space 4608K, 0% used [0x00000000ecb00000,0x00000000ecb00000,0x00000000ecf80000)
 ParOldGen       total 41984K, used 5073K [0x00000000c2400000, 0x00000000c4d00000, 0x00000000eb680000)
  object space 41984K, 12% used [0x00000000c2400000,0x00000000c28f4458,0x00000000c4d00000)
 PSPermGen       total 55808K, used 27352K [0x00000000b7e00000, 0x00000000bb480000, 0x00000000c2400000)
  object space 55808K, 49% used [0x00000000b7e00000,0x00000000b98b6068,0x00000000bb480000)
GC Heap History (10 events):
Event: 15.657 GC heap before
{Heap before GC invocations=5 (full 0):
 PSYoungGen      total 18944K, used 7463K [0x00000000eb680000, 0x00000000ecb80000, 0x0000000100000000)
  eden space 16384K, 29% used [0x00000000eb680000,0x00000000ebb4a490,0x00000000ec680000)
  from space 2560K, 99% used [0x00000000ec900000,0x00000000ecb7f988,0x00000000ecb80000)
  to   space 2560K, 0% used [0x00000000ec680000,0x00000000ec680000,0x00000000ec900000)
 ParOldGen       total 41984K, used 2727K [0x00000000c2400000, 0x00000000c4d00000, 0x00000000eb680000)
  object space 41984K, 6% used [0x00000000c2400000,0x00000000c26a9c50,0x00000000c4d00000)
 PSPermGen       total 24064K, used 23647K [0x00000000b7e00000, 0x00000000b9580000, 0x00000000c2400000)
  object space 24064K, 98% used [0x00000000b7e00000,0x00000000b9517cb8,0x00000000b9580000)
Event: 15.665 GC heap after
Heap after GC invocations=5 (full 0):
 PSYoungGen      total 18944K, used 2557K [0x00000000eb680000, 0x00000000ecb80000, 0x0000000100000000)
  eden space 16384K, 0% used [0x00000000eb680000,0x00000000eb680000,0x00000000ec680000)
  from space 2560K, 99% used [0x00000000ec680000,0x00000000ec8ff5b8,0x00000000ec900000)
  to   space 2560K, 0% used [0x00000000ec900000,0x00000000ec900000,0x00000000ecb80000)
 ParOldGen       total 41984K, used 2955K [0x00000000c2400000, 0x00000000c4d00000, 0x00000000eb680000)
  object space 41984K, 7% used [0x00000000c2400000,0x00000000c26e2dc0,0x00000000c4d00000)
 PSPermGen       total 24064K, used 23647K [0x00000000b7e00000, 0x00000000b9580000, 0x00000000c2400000)
  object space 24064K, 98% used [0x00000000b7e00000,0x00000000b9517cb8,0x00000000b9580000)
}
Event: 15.681 GC heap before
{Heap before GC invocations=6 (full 1):
 PSYoungGen      total 18944K, used 2557K [0x00000000eb680000, 0x00000000ecb80000, 0x0000000100000000)
  eden space 16384K, 0% used [0x00000000eb680000,0x00000000eb680000,0x00000000ec680000)
  from space 2560K, 99% used [0x00000000ec680000,0x00000000ec8ff5b8,0x00000000ec900000)
  to   space 2560K, 0% used [0x00000000ec900000,0x00000000ec900000,0x00000000ecb80000)
 ParOldGen       total 41984K, used 2955K [0x00000000c2400000, 0x00000000c4d00000, 0x00000000eb680000)
  object space 41984K, 7% used [0x00000000c2400000,0x00000000c26e2dc0,0x00000000c4d00000)
 PSPermGen       total 24064K, used 23647K [0x00000000b7e00000, 0x00000000b9580000, 0x00000000c2400000)
  object space 24064K, 98% used [0x00000000b7e00000,0x00000000b9517cb8,0x00000000b9580000)
Event: 15.791 GC heap after
Heap after GC invocations=6 (full 1):
 PSYoungGen      total 18944K, used 0K [0x00000000eb680000, 0x00000000ecb80000, 0x0000000100000000)
  eden space 16384K, 0% used [0x00000000eb680000,0x00000000eb680000,0x00000000ec680000)
  from space 2560K, 0% used [0x00000000ec680000,0x00000000ec680000,0x00000000ec900000)
  to   space 2560K, 0% used [0x00000000ec900000,0x00000000ec900000,0x00000000ecb80000)
 ParOldGen       total 41984K, used 2505K [0x00000000c2400000, 0x00000000c4d00000, 0x00000000eb680000)
  object space 41984K, 5% used [0x00000000c2400000,0x00000000c2672780,0x00000000c4d00000)
 PSPermGen       total 47616K, used 23628K [0x00000000b7e00000, 0x00000000bac80000, 0x00000000c2400000)
  object space 47616K, 49% used [0x00000000b7e00000,0x00000000b95133a8,0x00000000bac80000)
}
Event: 22.124 GC heap before
{Heap before GC invocations=7 (full 1):
 PSYoungGen      total 18944K, used 16384K [0x00000000eb680000, 0x00000000ecb80000, 0x0000000100000000)
  eden space 16384K, 100% used [0x00000000eb680000,0x00000000ec680000,0x00000000ec680000)
  from space 2560K, 0% used [0x00000000ec680000,0x00000000ec680000,0x00000000ec900000)
  to   space 2560K, 0% used [0x00000000ec900000,0x00000000ec900000,0x00000000ecb80000)
 ParOldGen       total 41984K, used 2505K [0x00000000c2400000, 0x00000000c4d00000, 0x00000000eb680000)
  object space 41984K, 5% used [0x00000000c2400000,0x00000000c2672780,0x00000000c4d00000)
 PSPermGen       total 47616K, used 26002K [0x00000000b7e00000, 0x00000000bac80000, 0x00000000c2400000)
  object space 47616K, 54% used [0x00000000b7e00000,0x00000000b9764818,0x00000000bac80000)
Event: 22.129 GC heap after
Heap after GC invocations=7 (full 1):
 PSYoungGen      total 16896K, used 2085K [0x00000000eb680000, 0x00000000ecf80000, 0x0000000100000000)
  eden space 14336K, 0% used [0x00000000eb680000,0x00000000eb680000,0x00000000ec480000)
  from space 2560K, 81% used [0x00000000ec900000,0x00000000ecb09460,0x00000000ecb80000)
  to   space 4608K, 0% used [0x00000000ec480000,0x00000000ec480000,0x00000000ec900000)
 ParOldGen       total 41984K, used 2505K [0x00000000c2400000, 0x00000000c4d00000, 0x00000000eb680000)
  object space 41984K, 5% used [0x00000000c2400000,0x00000000c2672780,0x00000000c4d00000)
 PSPermGen       total 47616K, used 26002K [0x00000000b7e00000, 0x00000000bac80000, 0x00000000c2400000)
  object space 47616K, 54% used [0x00000000b7e00000,0x00000000b9764818,0x00000000bac80000)
}
Event: 22.892 GC heap before
{Heap before GC invocations=8 (full 1):
 PSYoungGen      total 16896K, used 14691K [0x00000000eb680000, 0x00000000ecf80000, 0x0000000100000000)
  eden space 14336K, 87% used [0x00000000eb680000,0x00000000ec2cf968,0x00000000ec480000)
  from space 2560K, 81% used [0x00000000ec900000,0x00000000ecb09460,0x00000000ecb80000)
  to   space 4608K, 0% used [0x00000000ec480000,0x00000000ec480000,0x00000000ec900000)
 ParOldGen       total 41984K, used 2505K [0x00000000c2400000, 0x00000000c4d00000, 0x00000000eb680000)
  object space 41984K, 5% used [0x00000000c2400000,0x00000000c2672780,0x00000000c4d00000)
 PSPermGen       total 47616K, used 26857K [0x00000000b7e00000, 0x00000000bac80000, 0x00000000c2400000)
  object space 47616K, 56% used [0x00000000b7e00000,0x00000000b983a508,0x00000000bac80000)
Event: 22.895 GC heap after
Heap after GC invocations=8 (full 1):
 PSYoungGen      total 18944K, used 3202K [0x00000000eb680000, 0x00000000ecf80000, 0x0000000100000000)
  eden space 14336K, 0% used [0x00000000eb680000,0x00000000eb680000,0x00000000ec480000)
  from space 4608K, 69% used [0x00000000ec480000,0x00000000ec7a0830,0x00000000ec900000)
  to   space 4608K, 0% used [0x00000000ecb00000,0x00000000ecb00000,0x00000000ecf80000)
 ParOldGen       total 41984K, used 2505K [0x00000000c2400000, 0x00000000c4d00000, 0x00000000eb680000)
  object space 41984K, 5% used [0x00000000c2400000,0x00000000c2672780,0x00000000c4d00000)
 PSPermGen       total 47616K, used 26857K [0x00000000b7e00000, 0x00000000bac80000, 0x00000000c2400000)
  object space 47616K, 56% used [0x00000000b7e00000,0x00000000b983a508,0x00000000bac80000)
}
Event: 22.895 GC heap before
{Heap before GC invocations=9 (full 2):
 PSYoungGen      total 18944K, used 3202K [0x00000000eb680000, 0x00000000ecf80000, 0x0000000100000000)
  eden space 14336K, 0% used [0x00000000eb680000,0x00000000eb680000,0x00000000ec480000)
  from space 4608K, 69% used [0x00000000ec480000,0x00000000ec7a0830,0x00000000ec900000)
  to   space 4608K, 0% used [0x00000000ecb00000,0x00000000ecb00000,0x00000000ecf80000)
 ParOldGen       total 41984K, used 2505K [0x00000000c2400000, 0x00000000c4d00000, 0x00000000eb680000)
  object space 41984K, 5% used [0x00000000c2400000,0x00000000c2672780,0x00000000c4d00000)
 PSPermGen       total 47616K, used 26857K [0x00000000b7e00000, 0x00000000bac80000, 0x00000000c2400000)
  object space 47616K, 56% used [0x00000000b7e00000,0x00000000b983a508,0x00000000bac80000)
Event: 22.963 GC heap after
Heap after GC invocations=9 (full 2):
 PSYoungGen      total 18944K, used 0K [0x00000000eb680000, 0x00000000ecf80000, 0x0000000100000000)
  eden space 14336K, 0% used [0x00000000eb680000,0x00000000eb680000,0x00000000ec480000)
  from space 4608K, 0% used [0x00000000ec480000,0x00000000ec480000,0x00000000ec900000)
  to   space 4608K, 0% used [0x00000000ecb00000,0x00000000ecb00000,0x00000000ecf80000)
 ParOldGen       total 41984K, used 5073K [0x00000000c2400000, 0x00000000c4d00000, 0x00000000eb680000)
  object space 41984K, 12% used [0x00000000c2400000,0x00000000c28f4458,0x00000000c4d00000)
 PSPermGen       total 55808K, used 26854K [0x00000000b7e00000, 0x00000000bb480000, 0x00000000c2400000)
  object space 55808K, 48% used [0x00000000b7e00000,0x00000000b9839b28,0x00000000bb480000)
}

